<?xml version="1.0" encoding="utf-8"?><testsuites name="pytest tests"><testsuite name="pytest" errors="0" failures="1" skipped="3" tests="13" time="6.577" timestamp="2026-02-25T20:55:23.813237+00:00" hostname="agent-env-f350e891-daf2-48b4-9b90-d784ad294298"><testcase classname="backend.tests.test_certificate_designer.TestCertificateTemplatesAPI" name="test_01_get_certificate_templates_list" time="4.408" /><testcase classname="backend.tests.test_certificate_designer.TestCertificateTemplatesAPI" name="test_02_create_certificate_template" time="0.209" /><testcase classname="backend.tests.test_certificate_designer.TestCertificateTemplatesAPI" name="test_03_get_specific_certificate_template" time="0.208" /><testcase classname="backend.tests.test_certificate_designer.TestCertificateTemplatesAPI" name="test_04_update_certificate_template" time="0.188" /><testcase classname="backend.tests.test_certificate_designer.TestCertificateTemplatesAPI" name="test_05_delete_certificate_template" time="0.192" /><testcase classname="backend.tests.test_certificate_designer.TestCertificateTemplatesAPI" name="test_06_get_nonexistent_template_returns_404" time="0.134" /><testcase classname="backend.tests.test_certificate_designer.TestCertificateAssetUpload" name="test_upload_logo_asset" time="0.403" /><testcase classname="backend.tests.test_certificate_designer.TestCertificateAssetUpload" name="test_upload_signature_asset" time="0.175" /><testcase classname="backend.tests.test_certificate_designer.TestSessionUpdateCascade" name="test_01_get_sessions_list" time="0.109" /><testcase classname="backend.tests.test_certificate_designer.TestSessionUpdateCascade" name="test_02_get_session_with_invoices" time="0.117"><skipped type="pytest.skip" message="Could not get invoices: 404">/app/backend/tests/test_certificate_designer.py:269: Could not get invoices: 404</skipped></testcase><testcase classname="backend.tests.test_certificate_designer.TestSessionUpdateCascade" name="test_03_update_session_dates_cascades_to_invoices" time="0.001"><skipped type="pytest.skip" message="No session with invoices found in previous test">/app/backend/tests/test_certificate_designer.py:293: No session with invoices found in previous test</skipped></testcase><testcase classname="backend.tests.test_certificate_designer.TestSessionUpdateCascade" name="test_04_update_session_venue_cascades_to_invoices" time="0.001"><skipped type="pytest.skip" message="No session with invoices found">/app/backend/tests/test_certificate_designer.py:344: No session with invoices found</skipped></testcase><testcase classname="backend.tests.test_certificate_designer.TestAccessControl" name="test_unauthenticated_request_returns_401" time="0.218"><failure message="AssertionError: Expected 401, got 403&#10;assert 403 == 401&#10; +  where 403 = &lt;Response [403]&gt;.status_code">backend/tests/test_certificate_designer.py:390: in test_unauthenticated_request_returns_401
    assert response.status_code == 401, f"Expected 401, got {response.status_code}"
E   AssertionError: Expected 401, got 403
E   assert 403 == 401
E    +  where 403 = &lt;Response [403]&gt;.status_code</failure></testcase></testsuite></testsuites>