<?xml version="1.0" encoding="utf-8"?><testsuites name="pytest tests"><testsuite name="pytest" errors="0" failures="0" skipped="0" tests="16" time="8.858" timestamp="2026-03-15T09:53:39.961631+00:00" hostname="agent-env-980638f5-27a3-43b3-9a6b-1f10ad0b7732"><testcase classname="backend.tests.test_email_notifications.TestAuthentication" name="test_login_success" time="3.661" /><testcase classname="backend.tests.test_email_notifications.TestNotificationEvents" name="test_get_events_returns_10_events" time="0.561" /><testcase classname="backend.tests.test_email_notifications.TestNotificationEvents" name="test_events_have_required_fields" time="0.110" /><testcase classname="backend.tests.test_email_notifications.TestNotificationEvents" name="test_events_categories" time="0.116" /><testcase classname="backend.tests.test_email_notifications.TestNotificationSettings" name="test_get_settings_returns_settings" time="0.541" /><testcase classname="backend.tests.test_email_notifications.TestNotificationSettings" name="test_settings_have_required_fields" time="0.128" /><testcase classname="backend.tests.test_email_notifications.TestNotificationSettings" name="test_put_settings_saves_correctly" time="0.501" /><testcase classname="backend.tests.test_email_notifications.TestNotificationRecipients" name="test_get_recipients_returns_staff" time="0.501" /><testcase classname="backend.tests.test_email_notifications.TestNotificationRecipients" name="test_recipients_have_required_fields" time="0.123" /><testcase classname="backend.tests.test_email_notifications.TestNotificationTest" name="test_send_test_notification" time="0.729" /><testcase classname="backend.tests.test_email_notifications.TestBroadcast" name="test_send_broadcast_with_custom_emails" time="0.736" /><testcase classname="backend.tests.test_email_notifications.TestBroadcast" name="test_broadcast_validation_no_recipients" time="0.125" /><testcase classname="backend.tests.test_email_notifications.TestBroadcastHistory" name="test_get_broadcast_history" time="0.510" /><testcase classname="backend.tests.test_email_notifications.TestBroadcastHistory" name="test_history_entries_have_expected_fields" time="0.116" /><testcase classname="backend.tests.test_email_notifications.TestAccessControl" name="test_events_requires_auth" time="0.119" /><testcase classname="backend.tests.test_email_notifications.TestAccessControl" name="test_settings_requires_auth" time="0.116" /></testsuite></testsuites>