<?xml version="1.0" encoding="utf-8"?><testsuites name="pytest tests"><testsuite name="pytest" errors="0" failures="0" skipped="0" tests="13" time="2.873" timestamp="2026-03-15T01:18:52.514763+00:00" hostname="agent-env-980638f5-27a3-43b3-9a6b-1f10ad0b7732"><testcase classname="backend.tests.test_excel_feedback_remarks.TestExportFeedbackSheet" name="test_export_template_has_5_sheets" time="0.642" /><testcase classname="backend.tests.test_excel_feedback_remarks.TestExportFeedbackSheet" name="test_feedback_sheet_has_correct_headers" time="0.186" /><testcase classname="backend.tests.test_excel_feedback_remarks.TestExportFeedbackSheet" name="test_feedback_sheet_rating_columns_have_suffix" time="0.181" /><testcase classname="backend.tests.test_excel_feedback_remarks.TestExportFeedbackSheet" name="test_feedback_sheet_prefills_existing_data" time="0.195" /><testcase classname="backend.tests.test_excel_feedback_remarks.TestVehicleChecklistRemarks" name="test_vehicle_checklist_has_remarks_column" time="0.189" /><testcase classname="backend.tests.test_excel_feedback_remarks.TestInstructionsSheet" name="test_instructions_mentions_feedback_sheet" time="0.192" /><testcase classname="backend.tests.test_excel_feedback_remarks.TestInstructionsSheet" name="test_instructions_mentions_vehicle_checklist_remarks" time="0.192" /><testcase classname="backend.tests.test_excel_feedback_remarks.TestImportFeedbackSheet" name="test_import_feedback_response_includes_count" time="0.154" /><testcase classname="backend.tests.test_excel_feedback_remarks.TestImportFeedbackSheet" name="test_import_feedback_rating_answers" time="0.154" /><testcase classname="backend.tests.test_excel_feedback_remarks.TestImportFeedbackSheet" name="test_import_feedback_strips_rating_suffix" time="0.155" /><testcase classname="backend.tests.test_excel_feedback_remarks.TestImportVehicleChecklistRemarks" name="test_import_vehicle_checklist_with_remarks" time="0.165" /><testcase classname="backend.tests.test_excel_feedback_remarks.TestImportVehicleChecklistRemarks" name="test_import_vehicle_checklist_remarks_stored_correctly" time="0.161" /><testcase classname="backend.tests.test_excel_feedback_remarks.TestFrontendDialogText" name="test_session_management_tab_import_dialog_text" time="0.001" /></testsuite></testsuites>