<?xml version="1.0" encoding="utf-8"?><testsuites name="pytest tests"><testsuite name="pytest" errors="0" failures="0" skipped="0" tests="14" time="4.736" timestamp="2026-03-15T00:50:12.546634+00:00" hostname="agent-env-980638f5-27a3-43b3-9a6b-1f10ad0b7732"><testcase classname="tests.test_excel_import_export.TestExportTemplate" name="test_export_template_returns_excel" time="2.230" /><testcase classname="tests.test_excel_import_export.TestExportTemplate" name="test_export_template_has_4_sheets" time="0.177" /><testcase classname="tests.test_excel_import_export.TestExportTemplate" name="test_pre_post_tests_sheet_has_raw_marks_columns" time="0.167" /><testcase classname="tests.test_excel_import_export.TestExportTemplate" name="test_vehicle_checklist_sheet_structure" time="0.173" /><testcase classname="tests.test_excel_import_export.TestExportTemplate" name="test_participant_names_not_empty" time="0.190" /><testcase classname="tests.test_excel_import_export.TestExportTemplate" name="test_ic_numbers_not_empty" time="0.178" /><testcase classname="tests.test_excel_import_export.TestImportData" name="test_import_test_scores_raw_marks" time="0.156" /><testcase classname="tests.test_excel_import_export.TestImportData" name="test_import_vehicle_checklist" time="0.198" /><testcase classname="tests.test_excel_import_export.TestImportData" name="test_import_attendance" time="0.154" /><testcase classname="tests.test_excel_import_export.TestImportData" name="test_import_returns_all_counts" time="0.133" /><testcase classname="tests.test_excel_import_export.TestUnauthorizedAccess" name="test_export_requires_auth" time="0.162" /><testcase classname="tests.test_excel_import_export.TestUnauthorizedAccess" name="test_import_requires_auth" time="0.123" /><testcase classname="tests.test_excel_import_export.TestSessionNotFound" name="test_export_nonexistent_session" time="0.142" /><testcase classname="tests.test_excel_import_export.TestSessionNotFound" name="test_import_nonexistent_session" time="0.132" /></testsuite></testsuites>