<?xml version="1.0" encoding="utf-8"?><testsuites name="pytest tests"><testsuite name="pytest" errors="0" failures="0" skipped="0" tests="10" time="9.758" timestamp="2026-03-19T12:22:21.038416+00:00" hostname="agent-env-f675dc78-bd6a-4660-90eb-f7fa9df580b7"><testcase classname="backend.tests.test_iteration22_payslip.TestPayslipAuthentication" name="test_payslips_endpoint_requires_auth" time="2.663" /><testcase classname="backend.tests.test_iteration22_payslip.TestPayslipAuthentication" name="test_generate_payslip_requires_auth" time="0.148" /><testcase classname="backend.tests.test_iteration22_payslip.TestPayslipGeneration" name="test_get_staff_list" time="0.551" /><testcase classname="backend.tests.test_iteration22_payslip.TestPayslipGeneration" name="test_generate_payslip_with_full_fields" time="0.898" /><testcase classname="backend.tests.test_iteration22_payslip.TestPayslipGeneration" name="test_generate_payslip_creates_journal_entry" time="0.884" /><testcase classname="backend.tests.test_iteration22_payslip.TestPayslipEdit" name="test_update_payslip_amounts" time="0.994" /><testcase classname="backend.tests.test_iteration22_payslip.TestPayslipEdit" name="test_refresh_staff_info" time="0.912" /><testcase classname="backend.tests.test_iteration22_payslip.TestPayslipDelete" name="test_delete_payslip_and_void_journal" time="1.071" /><testcase classname="backend.tests.test_iteration22_payslip.TestPayslipBackdating" name="test_generate_payslip_for_past_month" time="0.903" /><testcase classname="backend.tests.test_iteration22_payslip.TestPayslipYTDCalculation" name="test_ytd_values_are_calculated" time="0.533" /></testsuite></testsuites>