<?xml version="1.0" encoding="utf-8"?><testsuites name="pytest tests"><testsuite name="pytest" errors="0" failures="0" skipped="0" tests="6" time="3.722" timestamp="2026-04-06T07:36:21.203205+00:00" hostname="agent-env-8fe76928-f24a-41f1-8d05-d71d4dab9183"><testcase classname="backend.tests.test_quotation_pricing.TestDescriptionItemsPricing" name="test_get_description_items" time="0.566" /><testcase classname="backend.tests.test_quotation_pricing.TestDescriptionItemsPricing" name="test_create_description_item_with_pricing" time="0.498" /><testcase classname="backend.tests.test_quotation_pricing.TestQuotationWithPricedItems" name="test_get_quotations_list" time="0.466" /><testcase classname="backend.tests.test_quotation_pricing.TestQuotationWithPricedItems" name="test_quotation_subtotal_includes_priced_items" time="0.712" /><testcase classname="backend.tests.test_quotation_pricing.TestQuotationPDFDownload" name="test_pdf_download_endpoint_exists" time="0.905" /><testcase classname="backend.tests.test_quotation_pricing.TestDigitalSignatureManager" name="test_user_profile_supports_digital_signature" time="0.441" /></testsuite></testsuites>