<?xml version="1.0" encoding="utf-8"?><testsuites name="pytest tests"><testsuite name="pytest" errors="0" failures="0" skipped="0" tests="13" time="4.147" timestamp="2026-03-15T05:08:58.094191+00:00" hostname="agent-env-980638f5-27a3-43b3-9a6b-1f10ad0b7732"><testcase classname="backend.tests.test_iteration17_auto_lead_revenue.TestAuthentication" name="test_login_success" time="2.548" /><testcase classname="backend.tests.test_iteration17_auto_lead_revenue.TestAutoLeadCreation" name="test_verify_test_client_exists" time="0.486" /><testcase classname="backend.tests.test_iteration17_auto_lead_revenue.TestAutoLeadCreation" name="test_create_quotation_without_lead_id_auto_creates_lead" time="0.068" /><testcase classname="backend.tests.test_iteration17_auto_lead_revenue.TestAutoLeadCreation" name="test_auto_created_lead_has_correct_attributes" time="0.057" /><testcase classname="backend.tests.test_iteration17_auto_lead_revenue.TestAutoLeadCreation" name="test_auto_created_lead_appears_in_leads_list" time="0.057" /><testcase classname="backend.tests.test_iteration17_auto_lead_revenue.TestAutoLeadCreation" name="test_lead_visible_in_quotation_sent_pipeline_stage" time="0.061" /><testcase classname="backend.tests.test_iteration17_auto_lead_revenue.TestNoAutoLeadWhenLeadIdProvided" name="test_create_quotation_with_lead_id_skips_auto_lead" time="0.178" /><testcase classname="backend.tests.test_iteration17_auto_lead_revenue.TestRevenueRecognition" name="test_pnl_endpoint_accessible" time="0.168" /><testcase classname="backend.tests.test_iteration17_auto_lead_revenue.TestRevenueRecognition" name="test_pnl_response_structure" time="0.077" /><testcase classname="backend.tests.test_iteration17_auto_lead_revenue.TestRevenueRecognition" name="test_revenue_recognition_includes_issued_invoices" time="0.062" /><testcase classname="backend.tests.test_iteration17_auto_lead_revenue.TestRevenueRecognition" name="test_session_completion_not_required_for_revenue" time="0.076" /><testcase classname="backend.tests.test_iteration17_auto_lead_revenue.TestCleanup" name="test_cleanup_test_quotations" time="0.112" /><testcase classname="backend.tests.test_iteration17_auto_lead_revenue.TestCleanup" name="test_cleanup_test_leads" time="0.053" /></testsuite></testsuites>