<?xml version="1.0" encoding="utf-8"?><testsuites name="pytest tests"><testsuite name="pytest" errors="0" failures="0" skipped="0" tests="13" time="6.972" timestamp="2026-03-23T05:49:38.979480+00:00" hostname="agent-env-a36e5339-0065-4b23-8b65-499847b4ee5e"><testcase classname="backend.tests.test_iteration32_epf_statutory.TestStatutoryCalculation" name="test_statutory_calculate_endpoint_exists" time="0.528" /><testcase classname="backend.tests.test_iteration32_epf_statutory.TestStatutoryCalculation" name="test_epf_rm2700_salary" time="0.476" /><testcase classname="backend.tests.test_iteration32_epf_statutory.TestStatutoryCalculation" name="test_epf_rm3000_salary" time="0.476" /><testcase classname="backend.tests.test_iteration32_epf_statutory.TestStatutoryCalculation" name="test_epf_rm5000_salary_boundary" time="0.472" /><testcase classname="backend.tests.test_iteration32_epf_statutory.TestStatutoryCalculation" name="test_epf_rm8000_salary" time="0.469" /><testcase classname="backend.tests.test_iteration32_epf_statutory.TestStatutoryCalculation" name="test_socso_calculation" time="0.451" /><testcase classname="backend.tests.test_iteration32_epf_statutory.TestStatutoryCalculation" name="test_eis_calculation" time="0.473" /><testcase classname="backend.tests.test_iteration32_epf_statutory.TestStatutoryCalculation" name="test_epf_whole_rm_no_cents" time="1.057" /><testcase classname="backend.tests.test_iteration32_epf_statutory.TestPayslipGeneration" name="test_get_staff_list" time="0.446" /><testcase classname="backend.tests.test_iteration32_epf_statutory.TestPayslipGeneration" name="test_payslip_generation_with_variable_earnings" time="0.598" /><testcase classname="backend.tests.test_iteration32_epf_statutory.TestStatutoryRates" name="test_epf_rates_exist" time="0.501" /><testcase classname="backend.tests.test_iteration32_epf_statutory.TestStatutoryRates" name="test_socso_rates_exist" time="0.437" /><testcase classname="backend.tests.test_iteration32_epf_statutory.TestStatutoryRates" name="test_eis_rates_exist" time="0.443" /></testsuite></testsuites>