<?xml version="1.0" encoding="utf-8"?><testsuites name="pytest tests"><testsuite name="pytest" errors="0" failures="0" skipped="0" tests="15" time="20.613" timestamp="2026-03-20T17:47:27.397389+00:00" hostname="agent-env-dc7c5ec2-06bd-4822-907e-e1a153e9a6c1"><testcase classname="backend.tests.test_iteration26_backfill_dates.TestBackfillOriginalDates" name="test_backfill_returns_200_with_all_10_types" time="8.009" /><testcase classname="backend.tests.test_iteration26_backfill_dates.TestBackfillOriginalDates" name="test_backfill_is_idempotent" time="0.777" /><testcase classname="backend.tests.test_iteration26_backfill_dates.TestBackfillOriginalDates" name="test_dec_2025_invoices_dated_dec_2025" time="0.686" /><testcase classname="backend.tests.test_iteration26_backfill_dates.TestBackfillOriginalDates" name="test_backfill_auto_opens_periods" time="0.693" /><testcase classname="backend.tests.test_iteration26_backfill_dates.TestBackfillOriginalDates" name="test_backfill_requires_auth" time="0.689" /><testcase classname="backend.tests.test_iteration26_backfill_dates.TestPLWithOriginalDates" name="test_2026_pl_shows_zero_revenue" time="0.651" /><testcase classname="backend.tests.test_iteration26_backfill_dates.TestPLWithOriginalDates" name="test_2025_pl_shows_training_revenue" time="0.739" /><testcase classname="backend.tests.test_iteration26_backfill_dates.TestPLWithOriginalDates" name="test_2026_pl_shows_only_payroll_expenses" time="0.763" /><testcase classname="backend.tests.test_iteration26_backfill_dates.TestBalanceSheetAfterBackfillFix" name="test_balance_sheet_is_balanced" time="1.359" /><testcase classname="backend.tests.test_iteration26_backfill_dates.TestBalanceSheetAfterBackfillFix" name="test_balance_sheet_shows_ar" time="0.999" /><testcase classname="backend.tests.test_iteration26_backfill_dates.TestAccountMappings" name="test_chart_of_accounts_has_training_expenses" time="0.771" /><testcase classname="backend.tests.test_iteration26_backfill_dates.TestAccountMappings" name="test_coa_has_misc_accounts" time="1.179" /><testcase classname="backend.tests.test_iteration26_backfill_dates.TestRegressionAccounting" name="test_trial_balance_balanced" time="0.699" /><testcase classname="backend.tests.test_iteration26_backfill_dates.TestRegressionAccounting" name="test_journal_entries_accessible" time="0.816" /><testcase classname="backend.tests.test_iteration26_backfill_dates.TestRegressionAccounting" name="test_general_ledger_accessible" time="0.659" /></testsuite></testsuites>