<?xml version="1.0" encoding="utf-8"?><testsuites name="pytest tests"><testsuite name="pytest" errors="0" failures="0" skipped="0" tests="12" time="9.991" timestamp="2026-03-22T13:05:14.000075+00:00" hostname="agent-env-4f92bea5-feb2-40b0-957e-141384a3f301"><testcase classname="backend.tests.test_iteration31_hr_payroll_fields.TestHRStaffEndpoints" name="test_get_staff_list" time="7.612" /><testcase classname="backend.tests.test_iteration31_hr_payroll_fields.TestHRStaffEndpoints" name="test_staff_has_link_badge_info" time="0.085" /><testcase classname="backend.tests.test_iteration31_hr_payroll_fields.TestManualLinkUnlink" name="test_manual_link_endpoint_exists" time="0.075" /><testcase classname="backend.tests.test_iteration31_hr_payroll_fields.TestManualLinkUnlink" name="test_manual_unlink_endpoint_exists" time="0.051" /><testcase classname="backend.tests.test_iteration31_hr_payroll_fields.TestManualLinkUnlink" name="test_get_available_users_for_linking" time="0.070" /><testcase classname="backend.tests.test_iteration31_hr_payroll_fields.TestPayslipGeneration" name="test_generate_payslip_with_new_earnings" time="0.375" /><testcase classname="backend.tests.test_iteration31_hr_payroll_fields.TestPayslipGeneration" name="test_payslip_gross_calculation" time="0.298" /><testcase classname="backend.tests.test_iteration31_hr_payroll_fields.TestPayslipGeneration" name="test_payslip_deductions_calculation" time="0.254" /><testcase classname="backend.tests.test_iteration31_hr_payroll_fields.TestPayslipUpdate" name="test_update_payslip_with_new_fields" time="0.410" /><testcase classname="backend.tests.test_iteration31_hr_payroll_fields.TestPayslipView" name="test_view_payslip_has_all_new_fields" time="0.284" /><testcase classname="backend.tests.test_iteration31_hr_payroll_fields.TestHRPayrollTabLoads" name="test_hr_staff_endpoint" time="0.051" /><testcase classname="backend.tests.test_iteration31_hr_payroll_fields.TestHRPayrollTabLoads" name="test_payroll_status_endpoint" time="0.056" /></testsuite></testsuites>