<?xml version="1.0" encoding="utf-8"?><testsuites name="pytest tests"><testsuite name="pytest" errors="0" failures="0" skipped="0" tests="11" time="5.356" timestamp="2026-03-22T03:57:41.081123+00:00" hostname="agent-env-4f92bea5-feb2-40b0-957e-141384a3f301"><testcase classname="backend.tests.test_iteration29_loading_states.TestAuthAPI" name="test_health_check" time="0.213" /><testcase classname="backend.tests.test_iteration29_loading_states.TestAuthAPI" name="test_admin_login_returns_access_token" time="0.482" /><testcase classname="backend.tests.test_iteration29_loading_states.TestAuthAPI" name="test_coordinator_login" time="0.493" /><testcase classname="backend.tests.test_iteration29_loading_states.TestAuthAPI" name="test_invalid_login" time="0.244" /><testcase classname="backend.tests.test_iteration29_loading_states.TestFinanceDashboardAPI" name="test_finance_dashboard_returns_data" time="0.640" /><testcase classname="backend.tests.test_iteration29_loading_states.TestFinanceDashboardAPI" name="test_finance_invoices_endpoint" time="0.642" /><testcase classname="backend.tests.test_iteration29_loading_states.TestSessionsAPI" name="test_sessions_endpoint" time="0.682" /><testcase classname="backend.tests.test_iteration29_loading_states.TestSessionsAPI" name="test_coordinator_sessions" time="0.789" /><testcase classname="backend.tests.test_iteration29_loading_states.TestMarketingAPI" name="test_marketing_stats" time="0.614" /><testcase classname="backend.tests.test_iteration29_loading_states.TestPWAEndpoints" name="test_manifest_accessible" time="0.140" /><testcase classname="backend.tests.test_iteration29_loading_states.TestPWAEndpoints" name="test_settings_endpoint" time="0.132" /></testsuite></testsuites>