<?xml version="1.0" encoding="utf-8"?><testsuites name="pytest tests"><testsuite name="pytest" errors="0" failures="0" skipped="0" tests="10" time="6.107" timestamp="2026-03-16T01:46:22.610412+00:00" hostname="agent-env-b01d893d-2755-4a5a-9870-955186efb210"><testcase classname="tests.test_iteration20_calendar_marketing.TestCalendarAPI" name="test_calendar_endpoint_returns_all_sessions" time="0.714" /><testcase classname="tests.test_iteration20_calendar_marketing.TestCalendarAPI" name="test_calendar_endpoint_requires_auth" time="0.850" /><testcase classname="tests.test_iteration20_calendar_marketing.TestCalendarAccessForAllRoles" name="test_calendar_accessible_by_admin" time="0.492" /><testcase classname="tests.test_iteration20_calendar_marketing.TestCalendarAccessForAllRoles" name="test_calendar_accessible_by_coordinator" time="0.522" /><testcase classname="tests.test_iteration20_calendar_marketing.TestMarketingSessionsAPI" name="test_my_marketing_sessions_endpoint_exists" time="0.491" /><testcase classname="tests.test_iteration20_calendar_marketing.TestMarketingSessionsAPI" name="test_marketing_sessions_returns_enriched_data" time="0.545" /><testcase classname="tests.test_iteration20_calendar_marketing.TestMarketingSessionsAccessControl" name="test_marketing_sessions_requires_auth" time="0.145" /><testcase classname="tests.test_iteration20_calendar_marketing.TestMarketingSessionsAccessControl" name="test_marketing_sessions_forbidden_for_coordinator" time="0.456" /><testcase classname="tests.test_iteration20_calendar_marketing.TestMarketingSessionsAccessControl" name="test_marketing_sessions_allowed_for_admin" time="0.493" /><testcase classname="tests.test_iteration20_calendar_marketing.TestCalendarNoFiltering" name="test_calendar_returns_all_for_coordinator" time="1.264" /></testsuite></testsuites>