<?xml version="1.0" encoding="utf-8"?><testsuites name="pytest tests"><testsuite name="pytest" errors="0" failures="0" skipped="0" tests="16" time="22.044" timestamp="2026-03-22T05:07:57.192301+00:00" hostname="agent-env-4f92bea5-feb2-40b0-957e-141384a3f301"><testcase classname="backend.tests.test_iteration30_kpis_role_protection.TestDashboardKPIs" name="test_admin_can_access_dashboard_kpis" time="12.031" /><testcase classname="backend.tests.test_iteration30_kpis_role_protection.TestDashboardKPIs" name="test_coordinator_cannot_access_dashboard_kpis" time="0.642" /><testcase classname="backend.tests.test_iteration30_kpis_role_protection.TestAccountingExportRoleProtection" name="test_admin_can_access_journal_entries_export" time="0.970" /><testcase classname="backend.tests.test_iteration30_kpis_role_protection.TestAccountingExportRoleProtection" name="test_coordinator_cannot_access_journal_entries_export" time="0.603" /><testcase classname="backend.tests.test_iteration30_kpis_role_protection.TestAccountingExportRoleProtection" name="test_coordinator_cannot_access_trial_balance_export" time="0.621" /><testcase classname="backend.tests.test_iteration30_kpis_role_protection.TestAccountingExportRoleProtection" name="test_coordinator_cannot_access_profit_loss_export" time="0.600" /><testcase classname="backend.tests.test_iteration30_kpis_role_protection.TestAccountingExportRoleProtection" name="test_coordinator_cannot_access_balance_sheet_export" time="0.662" /><testcase classname="backend.tests.test_iteration30_kpis_role_protection.TestFinancePayablesRoleProtection" name="test_coordinator_cannot_access_period_status" time="0.776" /><testcase classname="backend.tests.test_iteration30_kpis_role_protection.TestFinancePayablesRoleProtection" name="test_admin_can_access_period_status" time="0.834" /><testcase classname="backend.tests.test_iteration30_kpis_role_protection.TestExpenseCategoriesRoleProtection" name="test_coordinator_can_access_expense_categories" time="0.617" /><testcase classname="backend.tests.test_iteration30_kpis_role_protection.TestExpenseCategoriesRoleProtection" name="test_admin_can_access_expense_categories" time="0.596" /><testcase classname="backend.tests.test_iteration30_kpis_role_protection.TestTrainingReportsRoleProtection" name="test_admin_can_access_training_reports" time="0.638" /><testcase classname="backend.tests.test_iteration30_kpis_role_protection.TestTrainingReportsRoleProtection" name="test_coordinator_cannot_access_admin_all_reports" time="0.623" /><testcase classname="backend.tests.test_iteration30_kpis_role_protection.TestLoginFlow" name="test_admin_login" time="0.811" /><testcase classname="backend.tests.test_iteration30_kpis_role_protection.TestLoginFlow" name="test_coordinator_login" time="0.515" /><testcase classname="backend.tests.test_iteration30_kpis_role_protection.TestHealthCheck" name="test_health_endpoint" time="0.141" /></testsuite></testsuites>