<?xml version="1.0" encoding="utf-8"?><testsuites name="pytest tests"><testsuite name="pytest" errors="0" failures="0" skipped="0" tests="23" time="3.362" timestamp="2026-03-31T11:20:06.553404+00:00" hostname="agent-env-181a1f34-b776-4ff7-b40d-404cdf8fac28"><testcase classname="tests.test_critical_flows.TestAuth" name="test_login_success" time="0.370" /><testcase classname="tests.test_critical_flows.TestAuth" name="test_login_wrong_password" time="0.303" /><testcase classname="tests.test_critical_flows.TestAuth" name="test_protected_route_no_token" time="0.031" /><testcase classname="tests.test_critical_flows.TestHealth" name="test_basic_health" time="0.038" /><testcase classname="tests.test_critical_flows.TestHealth" name="test_detailed_health" time="0.368" /><testcase classname="tests.test_critical_flows.TestSettings" name="test_get_settings" time="0.031" /><testcase classname="tests.test_critical_flows.TestSettings" name="test_update_settings" time="0.038" /><testcase classname="tests.test_critical_flows.TestCompanies" name="test_list_companies" time="0.034" /><testcase classname="tests.test_critical_flows.TestPrograms" name="test_list_programs" time="0.034" /><testcase classname="tests.test_critical_flows.TestSessions" name="test_list_sessions" time="0.067" /><testcase classname="tests.test_critical_flows.TestInvoices" name="test_list_invoices" time="0.036" /><testcase classname="tests.test_critical_flows.TestHR" name="test_list_staff" time="0.035" /><testcase classname="tests.test_critical_flows.TestHR" name="test_statutory_calculation" time="0.047" /><testcase classname="tests.test_critical_flows.TestHR" name="test_statutory_age_60_plus" time="0.041" /><testcase classname="tests.test_critical_flows.TestFinanceReports" name="test_profit_loss" time="0.054" /><testcase classname="tests.test_critical_flows.TestFinanceReports" name="test_profit_loss_by_programme" time="0.052" /><testcase classname="tests.test_critical_flows.TestFinanceReports" name="test_ar_aging" time="0.035" /><testcase classname="tests.test_critical_flows.TestKPI" name="test_dashboard_kpis" time="0.063" /><testcase classname="tests.test_critical_flows.TestKPI" name="test_kpi_drilldown" time="0.036" /><testcase classname="tests.test_critical_flows.TestBackup" name="test_list_collections" time="0.074" /><testcase classname="tests.test_critical_flows.TestBackup" name="test_export_single_collection" time="1.320" /><testcase classname="tests.test_critical_flows.TestLeads" name="test_list_leads" time="0.035" /><testcase classname="tests.test_critical_flows.TestUsers" name="test_list_users" time="0.044" /></testsuite></testsuites>