<?xml version="1.0" encoding="utf-8"?><testsuites name="pytest tests"><testsuite name="pytest" errors="0" failures="1" skipped="0" tests="11" time="9.689" timestamp="2026-09-16T02:58:49.667104+00:00" hostname="agent-env-f5410499-8f9c-4f82-93b6-dad75a7a3e53"><testcase classname="test_marketing_bugfixes_iter52.TestClientResponsePersistsEndDate" name="test_accept_with_end_date_persists" time="3.492" /><testcase classname="test_marketing_bugfixes_iter52.TestClientResponsePersistsEndDate" name="test_accept_without_end_date_defaults_to_training_date" time="0.458" /><testcase classname="test_marketing_bugfixes_iter52.TestQuotationPDFRendering" name="test_pdf_single_date" time="1.033" /><testcase classname="test_marketing_bugfixes_iter52.TestQuotationPDFRendering" name="test_pdf_date_range" time="0.998" /><testcase classname="test_marketing_bugfixes_iter52.TestQuotationPDFRendering" name="test_pdf_multiple_non_consecutive_dates" time="1.024" /><testcase classname="test_marketing_bugfixes_iter52.TestRevertAcceptance" name="test_revert_happy_path" time="0.578" /><testcase classname="test_marketing_bugfixes_iter52.TestRevertAcceptance" name="test_revert_blocked_by_financial_history" time="0.639" /><testcase classname="test_marketing_bugfixes_iter52.TestRevertAcceptance" name="test_revert_state_guard_sent_not_allowed" time="0.221" /><testcase classname="test_marketing_bugfixes_iter52.TestSessionCostingQuotationSnapshot" name="test_costing_returns_quotation_for_linked_session" time="0.512" /><testcase classname="test_marketing_bugfixes_iter52.TestSessionCostingQuotationSnapshot" name="test_costing_no_quotation_for_manual_session" time="0.164" /><testcase classname="test_marketing_bugfixes_iter52.TestPhase3AInvoiceGuardRegression" name="test_invoice_endpoint_blocked_when_issued" time="0.248"><failure message="AssertionError: expected 409 got 200: {&quot;message&quot;:&quot;Invoice created&quot;,&quot;invoice_id&quot;:&quot;e3377c0b-d22d-463b-a8f9-f2a910b36d6b&quot;,&quot;invoice_number&quot;:&quot;INV/MDDRC/2026/09/0001&quot;,&quot;document_type&quot;:&quot;invoice&quot;}&#10;assert 200 == 409&#10; +  where 200 = &lt;Response [200]&gt;.status_code">tests/test_marketing_bugfixes_iter52.py:372: in test_invoice_endpoint_blocked_when_issued
    assert r.status_code == 409, f"expected 409 got {r.status_code}: {r.text}"
E   AssertionError: expected 409 got 200: {"message":"Invoice created","invoice_id":"e3377c0b-d22d-463b-a8f9-f2a910b36d6b","invoice_number":"INV/MDDRC/2026/09/0001","document_type":"invoice"}
E   assert 200 == 409
E    +  where 200 = &lt;Response [200]&gt;.status_code</failure></testcase></testsuite></testsuites>