<?xml version="1.0" encoding="utf-8"?><testsuites name="pytest tests"><testsuite name="pytest" errors="0" failures="0" skipped="1" tests="13" time="9.736" timestamp="2026-04-20T05:32:18.241152+00:00" hostname="agent-env-37949d44-568e-4ef3-9bfa-2f79baabc65f"><testcase classname="backend.tests.test_iteration40_adhoc_invoice.TestAdHocInvoice" name="test_create_adhoc_invoice_success" time="3.951" /><testcase classname="backend.tests.test_iteration40_adhoc_invoice.TestAdHocInvoice" name="test_adhoc_invoice_appears_in_list" time="0.164" /><testcase classname="backend.tests.test_iteration40_adhoc_invoice.TestAdHocInvoice" name="test_adhoc_invoice_sst_calculation" time="0.144" /><testcase classname="backend.tests.test_iteration40_adhoc_invoice.TestAdHocInvoice" name="test_adhoc_invoice_approve" time="0.320" /><testcase classname="backend.tests.test_iteration40_adhoc_invoice.TestAdHocInvoice" name="test_adhoc_invoice_issue" time="0.791" /><testcase classname="backend.tests.test_iteration40_adhoc_invoice.TestAdHocInvoice" name="test_coordinator_cannot_create_adhoc_invoice" time="0.604" /><testcase classname="backend.tests.test_iteration40_adhoc_invoice.TestAdHocInvoice" name="test_adhoc_invoice_requires_bill_to_name" time="0.177" /><testcase classname="backend.tests.test_iteration40_adhoc_invoice.TestAdHocInvoice" name="test_adhoc_invoice_requires_line_items" time="0.147" /><testcase classname="backend.tests.test_iteration40_adhoc_invoice.TestAdHocInvoice" name="test_cleanup_test_invoices" time="0.375" /><testcase classname="backend.tests.test_iteration40_adhoc_invoice.TestQuotationPDF" name="test_quotation_pdf_download" time="1.605" /><testcase classname="backend.tests.test_iteration40_adhoc_invoice.TestQuotationPDF" name="test_quotation_word_download" time="0.148"><skipped type="pytest.skip" message="Test quotation 5d82cd09-2695-4b43-9a0e-f2cdb3683190 not found">/app/backend/tests/test_iteration40_adhoc_invoice.py:351: Test quotation 5d82cd09-2695-4b43-9a0e-f2cdb3683190 not found</skipped></testcase><testcase classname="backend.tests.test_iteration40_adhoc_invoice.TestQuotationPDF" name="test_quotation_get_with_signature_info" time="0.139" /><testcase classname="backend.tests.test_iteration40_adhoc_invoice.TestInvoiceSequence" name="test_adhoc_invoice_uses_same_sequence" time="0.982" /></testsuite></testsuites>