<?xml version="1.0" encoding="utf-8"?><testsuites name="pytest tests"><testsuite name="pytest" errors="0" failures="0" skipped="0" tests="13" time="4.444" timestamp="2026-03-15T01:37:01.264671+00:00" hostname="agent-env-980638f5-27a3-43b3-9a6b-1f10ad0b7732"><testcase classname="tests.test_iteration16_features.TestAuthentication" name="test_login_success" time="0.534" /><testcase classname="tests.test_iteration16_features.TestRevenueRecognition" name="test_pnl_endpoint_accessible" time="0.648" /><testcase classname="tests.test_iteration16_features.TestRevenueRecognition" name="test_pnl_response_structure" time="0.131" /><testcase classname="tests.test_iteration16_features.TestRevenueRecognition" name="test_pnl_ytd_summary_structure" time="0.160" /><testcase classname="tests.test_iteration16_features.TestExpenseCategories" name="test_expense_categories_endpoint_accessible" time="0.939" /><testcase classname="tests.test_iteration16_features.TestExpenseCategories" name="test_printing_category_description" time="0.148" /><testcase classname="tests.test_iteration16_features.TestExpenseCategories" name="test_all_expense_categories_have_required_fields" time="0.137" /><testcase classname="tests.test_iteration16_features.TestExpenseCategories" name="test_expense_category_types" time="0.149" /><testcase classname="tests.test_iteration16_features.TestMarketingLeadsEndpoint" name="test_marketing_leads_endpoint" time="0.539" /><testcase classname="tests.test_iteration16_features.TestMarketingLeadsEndpoint" name="test_leads_have_created_at_field" time="0.130" /><testcase classname="tests.test_iteration16_features.TestMarketingLeadsEndpoint" name="test_leads_have_stage_field" time="0.131" /><testcase classname="tests.test_iteration16_features.TestRevenueRecognitionLogic" name="test_invoices_endpoint" time="0.546" /><testcase classname="tests.test_iteration16_features.TestRevenueRecognitionLogic" name="test_pnl_excludes_non_revenue_statuses" time="0.134" /></testsuite></testsuites>