<?xml version="1.0" encoding="utf-8"?><testsuites name="pytest tests"><testsuite name="pytest" errors="0" failures="1" skipped="0" tests="20" time="7.597" timestamp="2026-03-20T04:50:12.131208+00:00" hostname="agent-env-f675dc78-bd6a-4660-90eb-f7fa9df580b7"><testcase classname="backend.tests.test_iteration23_production_audit.TestAuthLogin" name="test_api_root" time="2.576" /><testcase classname="backend.tests.test_iteration23_production_audit.TestAuthLogin" name="test_admin_login_success" time="0.413" /><testcase classname="backend.tests.test_iteration23_production_audit.TestAuthLogin" name="test_coordinator_login_success" time="0.383" /><testcase classname="backend.tests.test_iteration23_production_audit.TestAuthLogin" name="test_login_with_wrong_password" time="0.404" /><testcase classname="backend.tests.test_iteration23_production_audit.TestAuthLogin" name="test_login_with_nonexistent_email" time="0.122" /><testcase classname="backend.tests.test_iteration23_production_audit.TestAdminEndpoints" name="test_get_invoices" time="0.512" /><testcase classname="backend.tests.test_iteration23_production_audit.TestAdminEndpoints" name="test_get_hr_staff" time="0.122" /><testcase classname="backend.tests.test_iteration23_production_audit.TestAdminEndpoints" name="test_get_sessions" time="0.138" /><testcase classname="backend.tests.test_iteration23_production_audit.TestAdminEndpoints" name="test_get_pnl_journal" time="0.131" /><testcase classname="backend.tests.test_iteration23_production_audit.TestAdminEndpoints" name="test_get_chart_of_accounts" time="0.170"><failure message="AssertionError: assert False&#10; +  where False = isinstance({'accounts': [{'account_category': 'Bank', 'account_code': '1000', 'account_name': 'Cash at Bank', 'account_type': 'Asset', ...}, {'account_category': 'Bank', 'account_code': '1001', 'account_name': 'Petty Cash', 'account_type': 'Asset', ...}, {'account_category': 'AR', 'account_code': '1100', 'account_name': 'Accounts Receivable', 'account_type': 'Asset', ...}, {'account_category': 'Current Asset', 'account_code': '1200', 'account_name': 'Prepaid Expenses', 'account_type': 'Asset', ...}, {'account_category': 'AP', 'account_code': '2100', 'account_name': 'Accounts Payable', 'account_type': 'Liability', ...}, {'account_category': 'Tax Liability', 'account_code': '2200', 'account_name': 'SST Payable', 'account_type': 'Liability', ...}, ...], 'grouped': {'Asset': [{'account_category': 'Bank', 'account_code': '1000', 'account_name': 'Cash at Bank', 'account_type': 'Asset', ...}, {'account_category': 'Bank', 'account_code': '1001', 'account_name': 'Petty Cash', 'account_type': 'Asset', ...}, {'account_category': 'AR', 'account_code': '1100', 'account_name': 'Accounts Receivable', 'account_type': 'Asset', ...}, {'account_category': 'Current Asset', 'account_code': '1200', 'account_name...t_category': 'Direct Cost', 'account_code': '5200', 'account_name': 'Marketing Commission', 'account_type': 'Expense', ...}, {'account_category': 'Direct Cost', 'account_code': '5300', 'account_name': 'Training Materials', 'account_type': 'Expense', ...}, {'account_category': 'Direct Cost', 'account_code': '5400', 'account_name': 'Venue &amp; Logistics', 'account_type': 'Expense', ...}, ...], 'Income': [{'account_category': 'Revenue', 'account_code': '4000', 'account_name': 'Training Revenue', 'account_type': 'Income', ...}, {'account_category': 'Revenue', 'account_code': '4001', 'account_name': 'Defensive Driving Training Income', 'account_type': 'Income', ...}, {'account_category': 'Revenue', 'account_code': '4002', 'account_name': 'Defensive Riding Training Income', 'account_type': 'Income', ...}, {'account_category': 'Revenue', 'account_code': '4003', 'account_name': 'Safety Talk Income', 'account_type': 'Income', ...}, {'account_category': 'Revenue', 'account_code': '4004', 'account_name': 'Consultancy Income', 'account_type': 'Income', ...}, {'account_category': 'Revenue', 'account_code': '4100', 'account_name': 'Other Income', 'account_type': 'Income', ...}], ...}, 'total': 46}, list)">backend/tests/test_iteration23_production_audit.py:152: in test_get_chart_of_accounts
    assert isinstance(data, list)
E   AssertionError: assert False
E    +  where False = isinstance({'accounts': [{'account_category': 'Bank', 'account_code': '1000', 'account_name': 'Cash at Bank', 'account_type': 'Asset', ...}, {'account_category': 'Bank', 'account_code': '1001', 'account_name': 'Petty Cash', 'account_type': 'Asset', ...}, {'account_category': 'AR', 'account_code': '1100', 'account_name': 'Accounts Receivable', 'account_type': 'Asset', ...}, {'account_category': 'Current Asset', 'account_code': '1200', 'account_name': 'Prepaid Expenses', 'account_type': 'Asset', ...}, {'account_category': 'AP', 'account_code': '2100', 'account_name': 'Accounts Payable', 'account_type': 'Liability', ...}, {'account_category': 'Tax Liability', 'account_code': '2200', 'account_name': 'SST Payable', 'account_type': 'Liability', ...}, ...], 'grouped': {'Asset': [{'account_category': 'Bank', 'account_code': '1000', 'account_name': 'Cash at Bank', 'account_type': 'Asset', ...}, {'account_category': 'Bank', 'account_code': '1001', 'account_name': 'Petty Cash', 'account_type': 'Asset', ...}, {'account_category': 'AR', 'account_code': '1100', 'account_name': 'Accounts Receivable', 'account_type': 'Asset', ...}, {'account_category': 'Current Asset', 'account_code': '1200', 'account_name...t_category': 'Direct Cost', 'account_code': '5200', 'account_name': 'Marketing Commission', 'account_type': 'Expense', ...}, {'account_category': 'Direct Cost', 'account_code': '5300', 'account_name': 'Training Materials', 'account_type': 'Expense', ...}, {'account_category': 'Direct Cost', 'account_code': '5400', 'account_name': 'Venue &amp; Logistics', 'account_type': 'Expense', ...}, ...], 'Income': [{'account_category': 'Revenue', 'account_code': '4000', 'account_name': 'Training Revenue', 'account_type': 'Income', ...}, {'account_category': 'Revenue', 'account_code': '4001', 'account_name': 'Defensive Driving Training Income', 'account_type': 'Income', ...}, {'account_category': 'Revenue', 'account_code': '4002', 'account_name': 'Defensive Riding Training Income', 'account_type': 'Income', ...}, {'account_category': 'Revenue', 'account_code': '4003', 'account_name': 'Safety Talk Income', 'account_type': 'Income', ...}, {'account_category': 'Revenue', 'account_code': '4004', 'account_name': 'Consultancy Income', 'account_type': 'Income', ...}, {'account_category': 'Revenue', 'account_code': '4100', 'account_name': 'Other Income', 'account_type': 'Income', ...}], ...}, 'total': 46}, list)</failure></testcase><testcase classname="backend.tests.test_iteration23_production_audit.TestAdminEndpoints" name="test_get_quotations" time="0.153" /><testcase classname="backend.tests.test_iteration23_production_audit.TestAdminEndpoints" name="test_get_auth_me" time="0.128" /><testcase classname="backend.tests.test_iteration23_production_audit.TestCoordinatorEndpoints" name="test_coordinator_can_get_sessions" time="0.522" /><testcase classname="backend.tests.test_iteration23_production_audit.TestCoordinatorEndpoints" name="test_coordinator_auth_me" time="0.120" /><testcase classname="backend.tests.test_iteration23_production_audit.TestUnauthorizedAccess" name="test_invoices_without_token" time="0.113" /><testcase classname="backend.tests.test_iteration23_production_audit.TestUnauthorizedAccess" name="test_sessions_without_token" time="0.123" /><testcase classname="backend.tests.test_iteration23_production_audit.TestUnauthorizedAccess" name="test_hr_staff_without_token" time="0.170" /><testcase classname="backend.tests.test_iteration23_production_audit.TestJWTExpiry" name="test_token_structure" time="0.387" /><testcase classname="backend.tests.test_iteration23_production_audit.TestJWTExpiry" name="test_token_is_usable" time="0.528" /><testcase classname="backend.tests.test_iteration23_production_audit.TestSecurityHeaders" name="test_security_headers_present" time="0.116" /></testsuite></testsuites>