<?xml version="1.0" encoding="utf-8"?><testsuites name="pytest tests"><testsuite name="pytest" errors="0" failures="0" skipped="0" tests="18" time="13.773" timestamp="2026-04-18T00:55:46.740493+00:00" hostname="agent-env-37949d44-568e-4ef3-9bfa-2f79baabc65f"><testcase classname="backend.tests.test_iteration39_payment_reversal.TestPaymentReversalSetup" name="test_super_admin_login" time="6.633" /><testcase classname="backend.tests.test_iteration39_payment_reversal.TestPaymentReversalSetup" name="test_coordinator_login" time="0.556" /><testcase classname="backend.tests.test_iteration39_payment_reversal.TestPaymentReversalAccessControl" name="test_payments_for_reversal_403" time="0.720" /><testcase classname="backend.tests.test_iteration39_payment_reversal.TestPaymentReversalAccessControl" name="test_payment_reversals_history_403" time="0.183" /><testcase classname="backend.tests.test_iteration39_payment_reversal.TestPaymentReversalAccessControl" name="test_preview_reversal_403" time="0.187" /><testcase classname="backend.tests.test_iteration39_payment_reversal.TestPaymentReversalAccessControl" name="test_execute_reversal_403" time="0.226" /><testcase classname="backend.tests.test_iteration39_payment_reversal.TestPaymentReversalEndpoints" name="test_get_payments_for_reversal" time="0.699" /><testcase classname="backend.tests.test_iteration39_payment_reversal.TestPaymentReversalEndpoints" name="test_get_payment_reversals_history" time="0.213" /><testcase classname="backend.tests.test_iteration39_payment_reversal.TestPaymentReversalEndpoints" name="test_preview_reversal_not_found" time="0.168" /><testcase classname="backend.tests.test_iteration39_payment_reversal.TestPaymentReversalEndpoints" name="test_execute_reversal_without_confirm" time="0.207" /><testcase classname="backend.tests.test_iteration39_payment_reversal.TestPaymentReversalEndpoints" name="test_execute_reversal_short_reason" time="0.155" /><testcase classname="backend.tests.test_iteration39_payment_reversal.TestFullReversalFlow" name="test_preview_reversal" time="1.250" /><testcase classname="backend.tests.test_iteration39_payment_reversal.TestFullReversalFlow" name="test_execute_reversal" time="0.169" /><testcase classname="backend.tests.test_iteration39_payment_reversal.TestFullReversalFlow" name="test_verify_payment_reversed" time="0.183" /><testcase classname="backend.tests.test_iteration39_payment_reversal.TestFullReversalFlow" name="test_verify_reversal_in_history" time="0.180" /><testcase classname="backend.tests.test_iteration39_payment_reversal.TestFullReversalFlow" name="test_cannot_reverse_already_reversed" time="0.381" /><testcase classname="backend.tests.test_iteration39_payment_reversal.TestAuditTrail" name="test_get_audit_trail_for_payment" time="0.825" /><testcase classname="backend.tests.test_iteration39_payment_reversal.TestCleanup" name="test_cleanup_note" time="0.562" /></testsuite></testsuites>