<?xml version="1.0" encoding="utf-8"?><testsuites name="pytest tests"><testsuite name="pytest" errors="0" failures="0" skipped="0" tests="15" time="57.885" timestamp="2026-04-06T16:29:20.375584+00:00" hostname="agent-env-37949d44-568e-4ef3-9bfa-2f79baabc65f"><testcase classname="tests.test_certificate_generation.TestFontSettingsAPI" name="test_get_font_settings_admin" time="0.597" /><testcase classname="tests.test_certificate_generation.TestFontSettingsAPI" name="test_get_font_settings_coordinator" time="0.750" /><testcase classname="tests.test_certificate_generation.TestFontSettingsAPI" name="test_put_font_settings_admin" time="0.198" /><testcase classname="tests.test_certificate_generation.TestFontSettingsAPI" name="test_put_font_settings_coordinator" time="0.163" /><testcase classname="tests.test_certificate_generation.TestCertificatePreviewAPI" name="test_preview_pdf_returns_png" time="5.633" /><testcase classname="tests.test_certificate_generation.TestCertificatePreviewAPI" name="test_preview_pdf_with_custom_settings" time="5.420" /><testcase classname="tests.test_certificate_generation.TestCertificatePreviewAPI" name="test_preview_pdf_invalid_session" time="0.190" /><testcase classname="tests.test_certificate_generation.TestCertificatePreviewAPI" name="test_preview_pdf_invalid_participant" time="0.130" /><testcase classname="tests.test_certificate_generation.TestCertificateGenerationAPI" name="test_generate_single_pdf_force" time="2.241" /><testcase classname="tests.test_certificate_generation.TestCertificateGenerationAPI" name="test_generate_single_pdf_without_force_checks_eligibility" time="0.143" /><testcase classname="tests.test_certificate_generation.TestCertificateGenerationAPI" name="test_generate_bulk_pdf_force" time="37.169" /><testcase classname="tests.test_certificate_generation.TestCertificateGenerationAPI" name="test_generate_bulk_pdf_invalid_session" time="0.276" /><testcase classname="tests.test_certificate_generation.TestCertificateNumberFormat" name="test_certificate_number_format_current_month" time="2.345" /><testcase classname="tests.test_certificate_generation.TestAccessControl" name="test_unauthenticated_access_denied" time="0.190" /><testcase classname="tests.test_certificate_generation.TestAccessControl" name="test_coordinator_can_generate_certificates" time="2.251" /></testsuite></testsuites>