<?xml version="1.0" encoding="utf-8"?><testsuites name="pytest tests"><testsuite name="pytest" errors="0" failures="0" skipped="0" tests="14" time="16.468" timestamp="2026-03-20T16:04:22.600415+00:00" hostname="agent-env-dc7c5ec2-06bd-4822-907e-e1a153e9a6c1"><testcase classname="backend.tests.test_iteration25_backfill.TestBackfillJournalEntries" name="test_backfill_endpoint_returns_200" time="6.783" /><testcase classname="backend.tests.test_iteration25_backfill.TestBackfillJournalEntries" name="test_backfill_idempotency" time="0.621" /><testcase classname="backend.tests.test_iteration25_backfill.TestBackfillJournalEntries" name="test_backfill_requires_authentication" time="0.572" /><testcase classname="backend.tests.test_iteration25_backfill.TestBackfillJournalEntries" name="test_backfill_returns_accounting_start_date" time="1.080" /><testcase classname="backend.tests.test_iteration25_backfill.TestProfitLossAfterBackfill" name="test_pnl_shows_training_revenue" time="0.544" /><testcase classname="backend.tests.test_iteration25_backfill.TestProfitLossAfterBackfill" name="test_pnl_shows_expenses" time="0.579" /><testcase classname="backend.tests.test_iteration25_backfill.TestProfitLossAfterBackfill" name="test_pnl_no_deferred_revenue_for_paid_invoices" time="0.572" /><testcase classname="backend.tests.test_iteration25_backfill.TestBalanceSheetAfterBackfill" name="test_balance_sheet_shows_accounts_receivable" time="0.804" /><testcase classname="backend.tests.test_iteration25_backfill.TestBalanceSheetAfterBackfill" name="test_balance_sheet_is_balanced" time="0.859" /><testcase classname="backend.tests.test_iteration25_backfill.TestBalanceSheetAfterBackfill" name="test_balance_sheet_current_year_earnings" time="1.335" /><testcase classname="backend.tests.test_iteration25_backfill.TestAccountingRegressionCheck" name="test_chart_of_accounts_accessible" time="0.633" /><testcase classname="backend.tests.test_iteration25_backfill.TestAccountingRegressionCheck" name="test_trial_balance_accessible" time="0.604" /><testcase classname="backend.tests.test_iteration25_backfill.TestAccountingRegressionCheck" name="test_journal_entries_accessible" time="0.530" /><testcase classname="backend.tests.test_iteration25_backfill.TestAccountingRegressionCheck" name="test_general_ledger_accessible" time="0.533" /></testsuite></testsuites>