<?xml version="1.0" encoding="utf-8"?><testsuites name="pytest tests"><testsuite name="pytest" errors="0" failures="0" skipped="0" tests="9" time="7.540" timestamp="2026-03-22T01:51:38.511084+00:00" hostname="agent-env-dc7c5ec2-06bd-4822-907e-e1a153e9a6c1"><testcase classname="tests.test_hr_payroll_status.TestPayrollStatusEndpoints" name="test_admin_login" time="2.248" /><testcase classname="tests.test_hr_payroll_status.TestPayrollStatusEndpoints" name="test_coordinator_login" time="0.723" /><testcase classname="tests.test_hr_payroll_status.TestPayrollStatusEndpoints" name="test_payroll_status_endpoint" time="0.527" /><testcase classname="tests.test_hr_payroll_status.TestPayrollStatusEndpoints" name="test_auto_link_users_endpoint" time="0.629" /><testcase classname="tests.test_hr_payroll_status.TestPayrollStatusEndpoints" name="test_my_payslips_endpoint_as_coordinator" time="0.543" /><testcase classname="tests.test_hr_payroll_status.TestPayrollStatusEndpoints" name="test_my_pay_advice_endpoint_as_coordinator" time="0.571" /><testcase classname="tests.test_hr_payroll_status.TestPayrollStatusEndpoints" name="test_staff_list_shows_user_id" time="0.574" /><testcase classname="tests.test_hr_payroll_status.TestFinanceDashboardHRTab" name="test_hr_staff_endpoint" time="0.875" /><testcase classname="tests.test_hr_payroll_status.TestFinanceDashboardHRTab" name="test_hr_payslips_endpoint" time="0.577" /></testsuite></testsuites>