<?xml version="1.0" encoding="utf-8"?><testsuites name="pytest tests"><testsuite name="pytest" errors="0" failures="0" skipped="0" tests="19" time="22.064" timestamp="2026-03-20T13:45:17.070300+00:00" hostname="agent-env-dc7c5ec2-06bd-4822-907e-e1a153e9a6c1"><testcase classname="backend.tests.test_iteration24_balance_sheet.TestBalanceSheetBackend" name="test_balance_sheet_endpoint_returns_200" time="15.669" /><testcase classname="backend.tests.test_iteration24_balance_sheet.TestBalanceSheetBackend" name="test_balance_sheet_returns_expected_structure" time="0.433" /><testcase classname="backend.tests.test_iteration24_balance_sheet.TestBalanceSheetBackend" name="test_balance_sheet_period_label_format" time="0.285" /><testcase classname="backend.tests.test_iteration24_balance_sheet.TestBalanceSheetBackend" name="test_balance_sheet_assets_section_structure" time="0.245" /><testcase classname="backend.tests.test_iteration24_balance_sheet.TestBalanceSheetBackend" name="test_balance_sheet_liabilities_section_structure" time="0.244" /><testcase classname="backend.tests.test_iteration24_balance_sheet.TestBalanceSheetBackend" name="test_balance_sheet_equity_section_structure" time="0.256" /><testcase classname="backend.tests.test_iteration24_balance_sheet.TestBalanceSheetBackend" name="test_balance_sheet_accounts_have_codes" time="0.246" /><testcase classname="backend.tests.test_iteration24_balance_sheet.TestBalanceSheetBackend" name="test_balance_sheet_is_balanced_field_correct" time="0.250" /><testcase classname="backend.tests.test_iteration24_balance_sheet.TestBalanceSheetBackend" name="test_balance_sheet_excel_export_returns_200" time="0.803" /><testcase classname="backend.tests.test_iteration24_balance_sheet.TestBalanceSheetBackend" name="test_balance_sheet_excel_export_content_type" time="0.316" /><testcase classname="backend.tests.test_iteration24_balance_sheet.TestBalanceSheetBackend" name="test_trial_balance_endpoint_still_works" time="0.250" /><testcase classname="backend.tests.test_iteration24_balance_sheet.TestBalanceSheetBackend" name="test_trial_balance_returns_expected_structure" time="0.341" /><testcase classname="backend.tests.test_iteration24_balance_sheet.TestBalanceSheetBackend" name="test_chart_of_accounts_endpoint" time="0.278" /><testcase classname="backend.tests.test_iteration24_balance_sheet.TestBalanceSheetBackend" name="test_journal_entries_endpoint" time="0.255" /><testcase classname="backend.tests.test_iteration24_balance_sheet.TestBalanceSheetBackend" name="test_profit_loss_endpoint" time="0.248" /><testcase classname="backend.tests.test_iteration24_balance_sheet.TestBalanceSheetBackend" name="test_accounting_settings_endpoint" time="0.314" /><testcase classname="backend.tests.test_iteration24_balance_sheet.TestBalanceSheetBackend" name="test_accounting_periods_endpoint" time="0.264" /><testcase classname="backend.tests.test_iteration24_balance_sheet.TestBalanceSheetBackend" name="test_balance_sheet_requires_auth" time="0.420" /><testcase classname="backend.tests.test_iteration24_balance_sheet.TestBalanceSheetBackend" name="test_balance_sheet_excel_requires_auth" time="0.281" /></testsuite></testsuites>