<?xml version="1.0" encoding="utf-8"?><testsuites name="pytest tests"><testsuite name="pytest" errors="0" failures="0" skipped="0" tests="20" time="18.303" timestamp="2026-04-14T00:43:41.694992+00:00" hostname="agent-env-37949d44-568e-4ef3-9bfa-2f79baabc65f"><testcase classname="backend.tests.test_iteration38_checklist_feedback.TestAuthentication" name="test_admin_login" time="0.792" /><testcase classname="backend.tests.test_iteration38_checklist_feedback.TestAuthentication" name="test_coordinator_login" time="0.732" /><testcase classname="backend.tests.test_iteration38_checklist_feedback.TestAuthentication" name="test_chief_trainer_login" time="0.779" /><testcase classname="backend.tests.test_iteration38_checklist_feedback.TestAuthentication" name="test_trainer_login" time="0.676" /><testcase classname="backend.tests.test_iteration38_checklist_feedback.TestAuthentication" name="test_participant_login" time="0.729" /><testcase classname="backend.tests.test_iteration38_checklist_feedback.TestChecklistTemplate" name="test_get_checklist_template_for_program" time="0.944" /><testcase classname="backend.tests.test_iteration38_checklist_feedback.TestChecklistTemplate" name="test_get_checklist_template_alias_endpoint" time="0.961" /><testcase classname="backend.tests.test_iteration38_checklist_feedback.TestVehicleChecklists" name="test_get_vehicle_checklists_for_participant" time="0.914" /><testcase classname="backend.tests.test_iteration38_checklist_feedback.TestVehicleChecklists" name="test_get_vehicle_checklists_for_completed_participant" time="0.934" /><testcase classname="backend.tests.test_iteration38_checklist_feedback.TestTrainerAssignedParticipants" name="test_get_assigned_participants" time="1.000" /><testcase classname="backend.tests.test_iteration38_checklist_feedback.TestFeedbackSubmission" name="test_feedback_submit_with_array_responses" time="0.919" /><testcase classname="backend.tests.test_iteration38_checklist_feedback.TestFeedbackSubmission" name="test_feedback_submit_with_dict_responses" time="1.013" /><testcase classname="backend.tests.test_iteration38_checklist_feedback.TestCoordinatorVisibility" name="test_get_participant_access_for_session" time="0.975" /><testcase classname="backend.tests.test_iteration38_checklist_feedback.TestCompletionChecklist" name="test_get_completion_checklist" time="0.920" /><testcase classname="backend.tests.test_iteration38_checklist_feedback.TestSessionStatus" name="test_get_session_status" time="0.991" /><testcase classname="backend.tests.test_iteration38_checklist_feedback.TestChiefTrainerFeedback" name="test_submit_chief_trainer_feedback" time="0.991" /><testcase classname="backend.tests.test_iteration38_checklist_feedback.TestChiefTrainerFeedback" name="test_get_chief_trainer_feedback" time="0.905" /><testcase classname="backend.tests.test_iteration38_checklist_feedback.TestCoordinatorFeedback" name="test_submit_coordinator_feedback" time="0.962" /><testcase classname="backend.tests.test_iteration38_checklist_feedback.TestCoordinatorFeedback" name="test_get_coordinator_feedback" time="0.924" /><testcase classname="backend.tests.test_iteration38_checklist_feedback.TestEnrichedParticipants" name="test_get_enriched_participants" time="0.977" /></testsuite></testsuites>