<?xml version="1.0" encoding="utf-8"?><testsuites name="pytest tests"><testsuite name="pytest" errors="0" failures="0" skipped="0" tests="23" time="10.468" timestamp="2026-09-02T07:50:11.197472+00:00" hostname="agent-env-c3496a3c-9d84-4b14-befc-414ac0747bb1"><testcase classname="test_financial_source_of_truth" name="test_1_invoice_only" time="8.578" /><testcase classname="test_financial_source_of_truth" name="test_2_partial_payment" time="0.018" /><testcase classname="test_financial_source_of_truth" name="test_3_reversed_payment_excluded" time="0.020" /><testcase classname="test_financial_source_of_truth" name="test_4_credit_note_reduces_net" time="0.015" /><testcase classname="test_financial_source_of_truth" name="test_5_proforma_not_revenue" time="0.037" /><testcase classname="test_financial_source_of_truth" name="test_6_linked_proforma_and_invoice_not_double_counted" time="0.026" /><testcase classname="test_financial_source_of_truth" name="test_7_ambiguous_proforma_flags_warning" time="0.028" /><testcase classname="test_financial_source_of_truth" name="test_8_multiple_invoices_per_session" time="0.028" /><testcase classname="test_financial_source_of_truth" name="test_9_payments_across_invoices" time="0.029" /><testcase classname="test_financial_source_of_truth" name="test_10_multiple_credit_notes" time="0.019" /><testcase classname="test_financial_source_of_truth" name="test_11_only_reversed_payment" time="0.016" /><testcase classname="test_financial_source_of_truth" name="test_12_payment_missing_invoice_warning" time="0.014" /><testcase classname="test_financial_source_of_truth" name="test_13_credit_note_missing_invoice_warning" time="0.014" /><testcase classname="test_financial_source_of_truth" name="test_14_authorization" time="0.717" /><testcase classname="test_financial_source_of_truth" name="test_15_read_only_guarantee" time="0.080" /><testcase classname="test_financial_source_of_truth" name="test_16_phase1_regression" time="0.048" /><testcase classname="test_financial_source_of_truth" name="test_nonexistent_returns_404" time="0.018" /><testcase classname="test_financial_source_of_truth" name="test_A_draft_invoice_not_revenue" time="0.040" /><testcase classname="test_financial_source_of_truth" name="test_B_unknown_status_not_revenue" time="0.037" /><testcase classname="test_financial_source_of_truth" name="test_C_cancelled_and_voided_consistency" time="0.076" /><testcase classname="test_financial_source_of_truth" name="test_D_router_actually_mounted" time="0.042" /><testcase classname="test_financial_source_of_truth" name="test_E_non_eligible_with_payment" time="0.022" /><testcase classname="test_financial_source_of_truth" name="test_E2_cancelled_with_payment_has_two_warnings" time="0.035" /></testsuite></testsuites>