<?xml version="1.0" encoding="utf-8"?><testsuites name="pytest tests"><testsuite name="pytest" errors="0" failures="0" skipped="0" tests="91" time="10.856" timestamp="2026-09-04T06:56:08.538936+00:00" hostname="agent-env-979a10ab-3cbd-4f3f-b713-ab56bfbbbcbe"><testcase classname="test_phase3a_write_protection" name="test_1_proforma_converts_once" time="6.685" /><testcase classname="test_phase3a_write_protection" name="test_2_duplicate_conversion_no_second_invoice" time="0.058" /><testcase classname="test_phase3a_write_protection" name="test_3_converted_proforma_immutable" time="0.023" /><testcase classname="test_phase3a_write_protection" name="test_4_session_invoice_id_points_to_real_invoice" time="0.027" /><testcase classname="test_phase3a_write_protection" name="test_5_session_costing_cannot_edit_converted_proforma" time="0.026" /><testcase classname="test_phase3a_write_protection" name="test_6_session_costing_cannot_edit_issued_invoice" time="0.014" /><testcase classname="test_phase3a_write_protection" name="test_7_multiple_invoices_no_arbitrary_selection" time="0.017" /><testcase classname="test_phase3a_write_protection" name="test_8_session_cn_with_single_invoice_works" time="0.025" /><testcase classname="test_phase3a_write_protection" name="test_9_multiple_invoices_require_invoice_id" time="0.020" /><testcase classname="test_phase3a_write_protection" name="test_10_cn_invoice_must_belong_to_session" time="0.013" /><testcase classname="test_phase3a_write_protection" name="test_11_cn_against_proforma_rejected" time="0.010" /><testcase classname="test_phase3a_write_protection" name="test_12_cn_against_missing_invoice_rejected" time="0.008" /><testcase classname="test_phase3a_write_protection" name="test_13_draft_cn_does_not_reduce" time="0.013" /><testcase classname="test_phase3a_write_protection" name="test_14_approved_cn_does_not_reduce" time="0.014" /><testcase classname="test_phase3a_write_protection" name="test_15_issued_cn_reduces" time="0.017" /><testcase classname="test_phase3a_write_protection" name="test_16_issued_cn_amount_cannot_be_edited" time="0.015" /><testcase classname="test_phase3a_write_protection" name="test_17_voided_cn_no_longer_reduces" time="0.015" /><testcase classname="test_phase3a_write_protection" name="test_18_cn_journal_only_on_issue" time="0.022" /><testcase classname="test_phase3a_write_protection" name="test_19_cn_void_reversal_idempotent" time="0.030" /><testcase classname="test_phase3a_write_protection" name="test_20_payment_against_proforma_rejected" time="0.012" /><testcase classname="test_phase3a_write_protection" name="test_21_payment_against_terminal_invoice_rejected" time="0.032" /><testcase classname="test_phase3a_write_protection" name="test_22_payment_against_zero_outstanding_rejected" time="0.018" /><testcase classname="test_phase3a_write_protection" name="test_23_payment_exceeding_outstanding_rejected" time="0.016" /><testcase classname="test_phase3a_write_protection" name="test_24_partial_payment_leaves_correct_outstanding" time="0.222" /><testcase classname="test_phase3a_write_protection" name="test_25_multiple_payments_settle_correctly" time="0.345" /><testcase classname="test_phase3a_write_protection" name="test_26_hard_payment_delete_unavailable_in_production" time="0.028" /><testcase classname="test_phase3a_write_protection" name="test_27_reversal_preserves_original_payment" time="0.032" /><testcase classname="test_phase3a_write_protection" name="test_28_reversed_payment_excluded_from_settlement" time="0.017" /><testcase classname="test_phase3a_write_protection" name="test_29_payment_created_cn_stores_source_payment_id" time="0.179" /><testcase classname="test_phase3a_write_protection" name="test_30_payment_reversal_only_affects_linked_cn" time="0.599" /><testcase classname="test_phase3a_write_protection" name="test_31_legacy_unlinked_cn_flagged_not_voided" time="0.021" /><testcase classname="test_phase3a_write_protection" name="test_32_session_change_does_not_rewrite_issued_invoice" time="0.581" /><testcase classname="test_phase3a_write_protection" name="test_33_session_with_history_hard_delete_rejected" time="0.020" /><testcase classname="test_phase3a_write_protection" name="test_34_archive_preserves_financial_docs" time="0.017" /><testcase classname="test_phase3a_write_protection" name="test_35_claim_form_proforma_plus_invoice_single_value" time="0.018" /><testcase classname="test_phase3a_write_protection" name="test_36_payment_ui_canonical_outstanding" time="0.030" /><testcase classname="test_phase3a_write_protection" name="test_37_phase1_payment_history_works" time="0.015" /><testcase classname="test_phase3a_write_protection" name="test_38_payment_history_shows_reversed" time="0.012" /><testcase classname="test_phase3a_write_protection" name="test_39_phase2_proforma_still_zero_revenue" time="0.013" /><testcase classname="test_phase3a_write_protection" name="test_40_isolated_test_db_verified" time="0.001" /><testcase classname="test_phase3a_write_protection" name="test_41_finance_cannot_edit_issued_invoice_value" time="0.008" /><testcase classname="test_phase3a_write_protection" name="test_42_finance_cannot_edit_issued_invoice_number" time="0.011" /><testcase classname="test_phase3a_write_protection" name="test_43_finance_cannot_edit_issued_invoice_date" time="0.015" /><testcase classname="test_phase3a_write_protection" name="test_44_superadmin_generic_update_blocks_high_impact" time="0.010" /><testcase classname="test_phase3a_write_protection" name="test_45_session_edit_does_not_rewrite_issued_invoice_company" time="0.018" /><testcase classname="test_phase3a_write_protection" name="test_46_session_edit_does_not_rewrite_issued_invoice_dates" time="0.015" /><testcase classname="test_phase3a_write_protection" name="test_47_session_edit_updates_pre_issue_invoice" time="0.013" /><testcase classname="test_phase3a_write_protection" name="test_48_normal_cn_against_pre_issue_invoice_rejected" time="0.050" /><testcase classname="test_phase3a_write_protection" name="test_49_bulk_delete_all_blocked_in_production" time="0.004" /><testcase classname="test_phase3a_write_protection" name="test_50_invoice_delete_does_not_destroy_issued_cn" time="0.011" /><testcase classname="test_phase3a_write_protection" name="test_51_pending_credit_note_count_field_exists" time="0.012" /><testcase classname="test_phase3a_write_protection" name="test_52_finance_session_costing_locked_invoice_rejected" time="0.013" /><testcase classname="test_phase3a_write_protection" name="test_53_superadmin_correct_invoice_number_on_issued" time="0.019" /><testcase classname="test_phase3a_write_protection" name="test_54_superadmin_correct_invoice_number_on_paid" time="0.018" /><testcase classname="test_phase3a_write_protection" name="test_55_correct_number_duplicate_rejected" time="0.014" /><testcase classname="test_phase3a_write_protection" name="test_56_correct_number_preserves_payments_and_cns" time="0.019" /><testcase classname="test_phase3a_write_protection" name="test_57_number_correction_audited" time="0.019" /><testcase classname="test_phase3a_write_protection" name="test_58_superadmin_value_correction_preview" time="0.017" /><testcase classname="test_phase3a_write_protection" name="test_59_superadmin_value_correction_execute" time="0.033" /><testcase classname="test_phase3a_write_protection" name="test_60_value_correction_preserves_payments_cns" time="0.040" /><testcase classname="test_phase3a_write_protection" name="test_61_value_correction_recalculates_outstanding" time="0.041" /><testcase classname="test_phase3a_write_protection" name="test_62_superadmin_date_correction" time="0.018" /><testcase classname="test_phase3a_write_protection" name="test_63_superadmin_text_correction" time="0.015" /><testcase classname="test_phase3a_write_protection" name="test_64_text_correction_rejects_money" time="0.010" /><testcase classname="test_phase3a_write_protection" name="test_65_superadmin_issued_cn_correction_preview" time="0.024" /><testcase classname="test_phase3a_write_protection" name="test_66_superadmin_issued_cn_correction_execute" time="0.035" /><testcase classname="test_phase3a_write_protection" name="test_67_finance_cannot_use_god_mode_endpoints" time="0.008" /><testcase classname="test_phase3a_write_protection" name="test_68_god_mode_audit_written" time="0.036" /><testcase classname="test_phase3a_write_protection" name="test_69_finance_cannot_edit_paid_via_bypass" time="0.010" /><testcase classname="test_phase3a_write_protection" name="test_70_finance_cannot_amount_override_paid" time="0.009" /><testcase classname="test_phase3a_write_protection" name="test_71_finance_cannot_renumber_issued" time="0.009" /><testcase classname="test_phase3a_write_protection" name="test_72_finance_cannot_backdate_issued" time="0.008" /><testcase classname="test_phase3a_write_protection" name="test_73_finance_cannot_revert_issued_to_draft" time="0.008" /><testcase classname="test_phase3a_write_protection" name="test_74_finance_cannot_reverse_voided_invoice" time="0.009" /><testcase classname="test_phase3a_write_protection" name="test_75_superadmin_generic_status_blocked_on_locked" time="0.010" /><testcase classname="test_phase3a_write_protection" name="test_76_legacy_voided_payment_zero_paid" time="0.010" /><testcase classname="test_phase3a_write_protection" name="test_77_legacy_voided_not_in_reversal_candidates" time="0.076" /><testcase classname="test_phase3a_write_protection" name="test_78_old_void_endpoint_delegates_to_reversal" time="0.024" /><testcase classname="test_phase3a_write_protection" name="test_79_reversal_preview_splits_cn_lists" time="0.023" /><testcase classname="test_phase3a_write_protection" name="test_80_reversal_execute_idempotent" time="0.036" /><testcase classname="test_phase3a_write_protection" name="test_81_additional_invoice_cannot_touch_issued" time="0.021" /><testcase classname="test_phase3a_write_protection" name="test_82_terminal_invoice_not_resurrected_by_value_correction" time="0.030" /><testcase classname="test_phase3a_write_protection" name="test_83_invalid_date_rejected_by_correction" time="0.031" /><testcase classname="test_phase3a_write_protection" name="test_83b_valid_date_with_confirm_succeeds" time="0.030" /><testcase classname="test_phase3a_write_protection" name="test_86_legacy_voided_payment_absent_from_active_history" time="0.058" /><testcase classname="test_phase3a_write_protection" name="test_87_archive_visibility" time="0.033" /><testcase classname="test_phase3a_write_protection" name="test_88_normal_cn_issue_failure_compensated" time="0.019" /><testcase classname="test_phase3a_write_protection" name="test_89_direct_void_blocked_when_active_payment_exists" time="0.010" /><testcase classname="test_phase3a_write_protection" name="test_90_payment_reversal_concurrent_creates_one_record" time="0.055" /><testcase classname="test_phase3a_write_protection" name="test_84_finance_session_costing_uses_partially_paid_not_partial" time="0.018" /><testcase classname="test_phase3a_write_protection" name="test_85_superadmin_authority_by_approved_email" time="0.021" /></testsuite></testsuites>