<?xml version="1.0" encoding="utf-8"?><testsuites name="pytest tests"><testsuite name="pytest" errors="0" failures="0" skipped="0" tests="26" time="10.106" timestamp="2026-09-02T09:05:37.872903+00:00" hostname="agent-env-c3496a3c-9d84-4b14-befc-414ac0747bb1"><testcase classname="test_payment_history" name="test_default_returns_newest_first" time="8.340" /><testcase classname="test_payment_history" name="test_pagination_page_1_and_2_differ" time="0.039" /><testcase classname="test_payment_history" name="test_page_size_respected" time="0.024" /><testcase classname="test_payment_history" name="test_access_records_beyond_first_100" time="0.019" /><testcase classname="test_payment_history" name="test_search_by_invoice_number" time="0.022" /><testcase classname="test_payment_history" name="test_search_by_receipt_number" time="0.021" /><testcase classname="test_payment_history" name="test_search_by_company" time="0.021" /><testcase classname="test_payment_history" name="test_date_filter" time="0.017" /><testcase classname="test_payment_history" name="test_payment_method_filter" time="0.019" /><testcase classname="test_payment_history" name="test_funding_filter" time="0.023" /><testcase classname="test_payment_history" name="test_empty_result" time="0.013" /><testcase classname="test_payment_history" name="test_unauthorized_user_forbidden" time="0.713" /><testcase classname="test_payment_history" name="test_no_token_unauthorized" time="0.004" /><testcase classname="test_payment_history" name="test_recent_payments_still_works" time="0.132" /><testcase classname="test_payment_history" name="test_existing_payments_unchanged" time="0.026" /><testcase classname="test_payment_history" name="test_payment_detail" time="0.013" /><testcase classname="test_payment_history" name="test_sort_highest" time="0.020" /><testcase classname="test_payment_history" name="test_status_reversed_filter" time="0.017" /><testcase classname="test_payment_history" name="test_csv_export_authorized_finance" time="0.024" /><testcase classname="test_payment_history" name="test_csv_export_unauthorized" time="0.007" /><testcase classname="test_payment_history" name="test_csv_export_no_token_unauthorized" time="0.004" /><testcase classname="test_payment_history" name="test_csv_export_respects_filters" time="0.019" /><testcase classname="test_payment_history" name="test_csv_formula_injection_sanitized" time="0.025" /><testcase classname="test_payment_history" name="test_page_size_over_100_rejected" time="0.007" /><testcase classname="test_payment_history" name="test_nonexistent_payment_detail_returns_404" time="0.009" /><testcase classname="test_payment_history" name="test_existing_payments_still_untouched_after_correction" time="0.048" /></testsuite></testsuites>