<?xml version="1.0" encoding="utf-8"?><testsuites name="pytest tests"><testsuite name="pytest" errors="0" failures="0" skipped="0" tests="14" time="14.251" timestamp="2026-03-19T07:07:52.197194+00:00" hostname="agent-env-f675dc78-bd6a-4660-90eb-f7fa9df580b7"><testcase classname="backend.tests.test_pnl_journal.TestPnLJournalAuth" name="test_pnl_journal_requires_auth" time="4.893" /><testcase classname="backend.tests.test_pnl_journal.TestPnLJournalAuth" name="test_pnl_journal_export_requires_auth" time="0.662" /><testcase classname="backend.tests.test_pnl_journal.TestPnLJournalAuth" name="test_pnl_journal_drilldown_requires_auth" time="0.731" /><testcase classname="backend.tests.test_pnl_journal.TestPnLJournalEndpoint" name="test_pnl_journal_year_2026" time="0.657" /><testcase classname="backend.tests.test_pnl_journal.TestPnLJournalEndpoint" name="test_pnl_journal_year_2025" time="0.650" /><testcase classname="backend.tests.test_pnl_journal.TestPnLJournalEndpoint" name="test_pnl_journal_month_filter" time="0.653" /><testcase classname="backend.tests.test_pnl_journal.TestPnLJournalEndpoint" name="test_pnl_journal_date_range_filter" time="0.672" /><testcase classname="backend.tests.test_pnl_journal.TestPnLJournalEndpoint" name="test_pnl_journal_posted_only_default_true" time="0.687" /><testcase classname="backend.tests.test_pnl_journal.TestPnLJournalExport" name="test_pnl_journal_export_returns_excel" time="1.009" /><testcase classname="backend.tests.test_pnl_journal.TestPnLJournalDrilldown" name="test_pnl_journal_drilldown_income_account" time="0.674" /><testcase classname="backend.tests.test_pnl_journal.TestPnLJournalDrilldown" name="test_pnl_journal_drilldown_expense_account" time="0.645" /><testcase classname="backend.tests.test_pnl_journal.TestPnLJournalDrilldown" name="test_pnl_journal_drilldown_with_date_range" time="0.665" /><testcase classname="backend.tests.test_pnl_journal.TestPnLJournalDrilldown" name="test_pnl_journal_drilldown_entry_structure" time="0.669" /><testcase classname="backend.tests.test_pnl_journal.TestDataIntegrity" name="test_summary_calculations" time="0.636" /></testsuite></testsuites>