<?xml version="1.0" encoding="utf-8"?><testsuites name="pytest tests"><testsuite name="pytest" errors="0" failures="0" skipped="5" tests="17" time="8.649" timestamp="2026-01-19T15:21:11.876288+00:00" hostname="agent-env-054337a3-e44e-435e-9829-1de5a85b8af3"><testcase classname="tests.test_quotation_pdf.TestAuth" name="test_marketing_user_login" time="0.361" /><testcase classname="tests.test_quotation_pdf.TestAuth" name="test_admin_user_login" time="0.334" /><testcase classname="tests.test_quotation_pdf.TestQuotationAcceptFlow" name="test_get_quotations_list" time="0.410" /><testcase classname="tests.test_quotation_pdf.TestQuotationAcceptFlow" name="test_get_sent_quotations" time="0.398" /><testcase classname="tests.test_quotation_pdf.TestQuotationAcceptFlow" name="test_accept_quotation_requires_training_details" time="0.405"><skipped type="pytest.skip" message="No sent quotations available for testing">/app/tests/test_quotation_pdf.py:89: No sent quotations available for testing</skipped></testcase><testcase classname="tests.test_quotation_pdf.TestQuotationAcceptFlow" name="test_accept_quotation_with_training_details" time="0.424"><skipped type="pytest.skip" message="No sent quotations available for testing">/app/tests/test_quotation_pdf.py:114: No sent quotations available for testing</skipped></testcase><testcase classname="tests.test_quotation_pdf.TestPDFDownload" name="test_download_pdf_for_accepted_quotation" time="1.089" /><testcase classname="tests.test_quotation_pdf.TestPDFDownload" name="test_download_pdf_for_approved_quotation" time="0.391"><skipped type="pytest.skip" message="No approved quotations available">/app/tests/test_quotation_pdf.py:192: No approved quotations available</skipped></testcase><testcase classname="tests.test_quotation_pdf.TestPDFDownload" name="test_download_pdf_for_sent_quotation" time="0.413"><skipped type="pytest.skip" message="No sent quotations available">/app/tests/test_quotation_pdf.py:213: No sent quotations available</skipped></testcase><testcase classname="tests.test_quotation_pdf.TestPDFDownload" name="test_download_pdf_blocked_for_draft" time="0.387"><skipped type="pytest.skip" message="No draft quotations available">/app/tests/test_quotation_pdf.py:234: No draft quotations available</skipped></testcase><testcase classname="tests.test_quotation_pdf.TestAdminPDFTemplates" name="test_get_pdf_templates" time="0.400" /><testcase classname="tests.test_quotation_pdf.TestAdminPDFTemplates" name="test_update_pdf_templates" time="0.998" /><testcase classname="tests.test_quotation_pdf.TestPDFContent" name="test_pdf_has_multiple_pages" time="0.803" /><testcase classname="tests.test_quotation_pdf.TestQuotationEndpoints" name="test_marketing_stats" time="0.382" /><testcase classname="tests.test_quotation_pdf.TestQuotationEndpoints" name="test_marketing_clients" time="0.397" /><testcase classname="tests.test_quotation_pdf.TestQuotationEndpoints" name="test_marketing_programmes" time="0.408" /><testcase classname="tests.test_quotation_pdf.TestQuotationEndpoints" name="test_get_single_quotation" time="0.464" /></testsuite></testsuites>