<?xml version="1.0" encoding="utf-8"?><testsuites name="pytest tests"><testsuite name="pytest" errors="0" failures="0" skipped="0" tests="23" time="11.023" timestamp="2026-03-15T10:47:50.136201+00:00" hostname="agent-env-b01d893d-2755-4a5a-9870-955186efb210"><testcase classname="tests.test_smart_email_dispatcher.TestSmartEmailDispatcherFunctions" name="test_notification_module_imports" time="0.742" /><testcase classname="tests.test_smart_email_dispatcher.TestSmartEmailDispatcherFunctions" name="test_send_smart_notification_exists" time="0.001" /><testcase classname="tests.test_smart_email_dispatcher.TestNotificationSettingsEndpoints" name="test_get_notification_settings" time="2.463" /><testcase classname="tests.test_smart_email_dispatcher.TestNotificationSettingsEndpoints" name="test_put_notification_settings" time="0.261" /><testcase classname="tests.test_smart_email_dispatcher.TestNotificationSettingsEndpoints" name="test_get_notification_recipients" time="0.122" /><testcase classname="tests.test_smart_email_dispatcher.TestBroadcastEndpoints" name="test_broadcast_with_custom_emails" time="0.835" /><testcase classname="tests.test_smart_email_dispatcher.TestBroadcastEndpoints" name="test_get_broadcast_history" time="0.169" /><testcase classname="tests.test_smart_email_dispatcher.TestMarketingQuotationWorkflow" name="test_submit_quotation_for_approval" time="0.955" /><testcase classname="tests.test_smart_email_dispatcher.TestMarketingQuotationWorkflow" name="test_approve_quotation" time="0.330" /><testcase classname="tests.test_smart_email_dispatcher.TestMarketingQuotationWorkflow" name="test_mark_quotation_sent" time="0.300" /><testcase classname="tests.test_smart_email_dispatcher.TestMarketingQuotationWorkflow" name="test_reject_quotation_flow" time="0.782" /><testcase classname="tests.test_smart_email_dispatcher.TestFinanceInvoiceWorkflow" name="test_get_invoices" time="0.574" /><testcase classname="tests.test_smart_email_dispatcher.TestFinanceInvoiceWorkflow" name="test_issue_invoice_endpoint_exists" time="0.130" /><testcase classname="tests.test_smart_email_dispatcher.TestFinancePaymentWorkflow" name="test_record_payment_endpoint_exists" time="0.764" /><testcase classname="tests.test_smart_email_dispatcher.TestSessionCompletionWorkflow" name="test_session_mark_completed_endpoint_exists" time="0.859" /><testcase classname="tests.test_smart_email_dispatcher.TestSessionCompletionWorkflow" name="test_admin_complete_endpoint_exists" time="0.472" /><testcase classname="tests.test_smart_email_dispatcher.TestNotificationImportsInRoutes" name="test_marketing_routes_imports" time="0.728" /><testcase classname="tests.test_smart_email_dispatcher.TestNotificationImportsInRoutes" name="test_finance_invoices_imports" time="0.000" /><testcase classname="tests.test_smart_email_dispatcher.TestNotificationImportsInRoutes" name="test_finance_payments_imports" time="0.000" /><testcase classname="tests.test_smart_email_dispatcher.TestNotificationImportsInRoutes" name="test_sessions_imports" time="0.000" /><testcase classname="tests.test_smart_email_dispatcher.TestAccessControl" name="test_settings_requires_admin" time="0.123" /><testcase classname="tests.test_smart_email_dispatcher.TestAccessControl" name="test_recipients_requires_admin" time="0.114" /><testcase classname="tests.test_smart_email_dispatcher.TestAccessControl" name="test_broadcast_requires_admin" time="0.116" /></testsuite></testsuites>