<?xml version="1.0" encoding="utf-8"?><testsuites name="pytest tests"><testsuite name="pytest" errors="0" failures="0" skipped="0" tests="20" time="45.843" timestamp="2026-02-22T09:03:52.252118+00:00" hostname="agent-env-ee5030d3-9b49-4235-97dd-07b6180912e8"><testcase classname="backend.tests.test_superadmin_portal.TestSuperAdminAccessControl" name="test_super_admin_can_access_dashboard" time="26.804" /><testcase classname="backend.tests.test_superadmin_portal.TestSuperAdminAccessControl" name="test_regular_user_cannot_access_superadmin" time="1.384" /><testcase classname="backend.tests.test_superadmin_portal.TestSuperAdminDashboard" name="test_dashboard_returns_all_stats" time="0.993" /><testcase classname="backend.tests.test_superadmin_portal.TestSuperAdminUsers" name="test_get_all_users" time="0.705" /><testcase classname="backend.tests.test_superadmin_portal.TestSuperAdminUsers" name="test_search_users" time="0.784" /><testcase classname="backend.tests.test_superadmin_portal.TestSuperAdminUsers" name="test_get_single_user" time="0.830" /><testcase classname="backend.tests.test_superadmin_portal.TestSuperAdminUsers" name="test_update_user_requires_reason" time="0.760" /><testcase classname="backend.tests.test_superadmin_portal.TestSuperAdminSessions" name="test_get_all_sessions" time="0.729" /><testcase classname="backend.tests.test_superadmin_portal.TestSuperAdminSessions" name="test_filter_sessions_by_status" time="0.754" /><testcase classname="backend.tests.test_superadmin_portal.TestSuperAdminSessions" name="test_fix_session_status_requires_reason" time="0.921" /><testcase classname="backend.tests.test_superadmin_portal.TestSuperAdminInvoices" name="test_get_all_invoices" time="0.861" /><testcase classname="backend.tests.test_superadmin_portal.TestSuperAdminInvoices" name="test_filter_invoices_by_status" time="1.169" /><testcase classname="backend.tests.test_superadmin_portal.TestSuperAdminInvoices" name="test_void_invoice_requires_reason" time="0.994" /><testcase classname="backend.tests.test_superadmin_portal.TestSuperAdminQuotations" name="test_get_all_quotations" time="1.222" /><testcase classname="backend.tests.test_superadmin_portal.TestSuperAdminAuditLog" name="test_get_audit_log" time="0.933" /><testcase classname="backend.tests.test_superadmin_portal.TestSuperAdminAuditLog" name="test_perform_action_creates_audit_log" time="0.880" /><testcase classname="backend.tests.test_superadmin_portal.TestSuperAdminExport" name="test_export_users_csv" time="1.219" /><testcase classname="backend.tests.test_superadmin_portal.TestSuperAdminExport" name="test_export_sessions_csv" time="0.865" /><testcase classname="backend.tests.test_superadmin_portal.TestSuperAdminExport" name="test_export_invalid_collection" time="0.890" /><testcase classname="backend.tests.test_superadmin_portal.TestSuperAdminSettings" name="test_get_system_settings" time="1.085" /></testsuite></testsuites>