<?xml version="1.0" encoding="utf-8"?><testsuites name="pytest tests"><testsuite name="pytest" errors="0" failures="0" skipped="0" tests="18" time="9.851" timestamp="2026-09-02T00:50:51.932855+00:00" hostname="agent-env-c3496a3c-9d84-4b14-befc-414ac0747bb1"><testcase classname="test_payment_history" name="test_default_returns_newest_first" time="8.126" /><testcase classname="test_payment_history" name="test_pagination_page_1_and_2_differ" time="0.046" /><testcase classname="test_payment_history" name="test_page_size_respected" time="0.030" /><testcase classname="test_payment_history" name="test_access_records_beyond_first_100" time="0.026" /><testcase classname="test_payment_history" name="test_search_by_invoice_number" time="0.028" /><testcase classname="test_payment_history" name="test_search_by_receipt_number" time="0.027" /><testcase classname="test_payment_history" name="test_search_by_company" time="0.028" /><testcase classname="test_payment_history" name="test_date_filter" time="0.019" /><testcase classname="test_payment_history" name="test_payment_method_filter" time="0.023" /><testcase classname="test_payment_history" name="test_funding_filter" time="0.025" /><testcase classname="test_payment_history" name="test_empty_result" time="0.014" /><testcase classname="test_payment_history" name="test_unauthorized_user_forbidden" time="0.704" /><testcase classname="test_payment_history" name="test_no_token_unauthorized" time="0.004" /><testcase classname="test_payment_history" name="test_recent_payments_still_works" time="0.186" /><testcase classname="test_payment_history" name="test_existing_payments_unchanged" time="0.023" /><testcase classname="test_payment_history" name="test_payment_detail" time="0.014" /><testcase classname="test_payment_history" name="test_sort_highest" time="0.022" /><testcase classname="test_payment_history" name="test_status_reversed_filter" time="0.037" /></testsuite></testsuites>